<?xml version="1.0" encoding="UTF-8"?>
<!-- Generated by org.testng.reporters.JUnitReportReporter -->
<testsuite skipped="0" hostname="WAEAEDXB01-0535" name="com.Edenred.testCases.MoneyTransfer.Negative_Tests.TC_02_Get_Beneficiary" tests="1" failures="0" timestamp="07 Jul 2022 12:24:25 GMT" time="9.539" errors="0">
  <testcase name="TC_01_Get_Beneficiary" time="9.539" classname="com.Edenred.testCases.MoneyTransfer.Negative_Tests.TC_02_Get_Beneficiary"/>
</testsuite> <!-- com.Edenred.testCases.MoneyTransfer.Negative_Tests.TC_02_Get_Beneficiary -->
