<?xml version="1.0" encoding="UTF-8"?>
<!-- Generated by org.testng.reporters.JUnitReportReporter -->
<testsuite skipped="0" hostname="WAEAEDXB01-0535" name="com.Edenred.testCases.MoneyTransfer.Negative_Tests.TC_02_Eligibility_Country_not_supported" tests="1" failures="0" timestamp="11 Jun 2022 19:31:16 GMT" time="12.247" errors="0">
  <testcase name="TC01MoneyTransfer_BankTransfer" time="12.247" classname="com.Edenred.testCases.MoneyTransfer.Negative_Tests.TC_02_Eligibility_Country_not_supported"/>
</testsuite> <!-- com.Edenred.testCases.MoneyTransfer.Negative_Tests.TC_02_Eligibility_Country_not_supported -->
