<?xml version="1.0" encoding="UTF-8"?>
<!-- Generated by org.testng.reporters.JUnitReportReporter -->
<testsuite skipped="0" hostname="WAEAEDXB01-0535" name="com.Edenred.testCases.MoneyTransfer.Negative_Tests.TC_01_Eligibility_User_Not_exists" tests="1" failures="0" timestamp="13 Jun 2022 10:22:25 GMT" time="8.467" errors="0">
  <testcase name="TC_01_Eligibility_User_Not_exists" time="8.467" classname="com.Edenred.testCases.MoneyTransfer.Negative_Tests.TC_01_Eligibility_User_Not_exists"/>
</testsuite> <!-- com.Edenred.testCases.MoneyTransfer.Negative_Tests.TC_01_Eligibility_User_Not_exists -->
