<?xml version="1.0" encoding="UTF-8"?>
<!-- Generated by org.testng.reporters.JUnitReportReporter -->
<testsuite skipped="0" hostname="WAEAEDXB01-0535" name="com.Edenred.testCases.MoneyTransfer.TC_03_Money_Transfer_DirectTransfer_Happy" tests="1" failures="0" timestamp="07 Jul 2022 12:26:43 GMT" time="11.769" errors="0">
  <testcase name="TC01MoneyTransfer_BankTransfer" time="11.769" classname="com.Edenred.testCases.MoneyTransfer.TC_03_Money_Transfer_DirectTransfer_Happy"/>
</testsuite> <!-- com.Edenred.testCases.MoneyTransfer.TC_03_Money_Transfer_DirectTransfer_Happy -->
