<?xml version="1.0" encoding="UTF-8"?>
<!-- Generated by org.testng.reporters.JUnitReportReporter -->
<testsuite skipped="0" hostname="WAEAEDXB01-0535" name="com.Edenred.testCases.MoneyTransfer.TC_Money_Transfer_Happy" tests="1" failures="0" timestamp="30 May 2022 13:52:11 GMT" time="17.160" errors="0">
  <testcase name="TC01MoneyTransfer_BankTransfer" time="17.160" classname="com.Edenred.testCases.MoneyTransfer.TC_Money_Transfer_Happy"/>
</testsuite> <!-- com.Edenred.testCases.MoneyTransfer.TC_Money_Transfer_Happy -->
