<?xml version="1.0" encoding="UTF-8"?>
<!-- Generated by org.testng.reporters.JUnitReportReporter -->
<testsuite hostname="WAEAEDXB01-0535" failures="0" tests="1" name="com.Edenred.testCases.MoneyTransfer.Money_Transfer" time="14.266" errors="0" timestamp="25 May 2022 19:24:59 GMT" skipped="0">
  <testcase classname="com.Edenred.testCases.MoneyTransfer.Money_Transfer" name="TC01Get_Beneficiary_BankTransfer" time="14.266"/>
</testsuite> <!-- com.Edenred.testCases.MoneyTransfer.Money_Transfer -->
