<?xml version="1.0" encoding="UTF-8"?>
<!-- Generated by org.testng.reporters.JUnitReportReporter -->
<testsuite hostname="WAEAEDXB01-0535" failures="0" tests="1" name="com.Edenred.testCases.UserLogin" time="17.417" errors="0" timestamp="25 May 2022 11:16:40 GMT" skipped="0">
  <testcase classname="com.Edenred.testCases.UserLogin" name="GetUserID" time="17.417"/>
</testsuite> <!-- com.Edenred.testCases.UserLogin -->
